2024-11-11 21:24:09.017 [warning] Dir "/home/vishnu/Documents/Rithu/.pixi/envs" is not watchable (directory does not exist)
2024-11-11 21:24:09.017 [error] Unable to check if shell integration is active [Error: Extension 'ms-python.python' CANNOT use API proposal: terminalDataWriteEvent.
Its package.json#enabledApiProposals-property declares:  but NOT terminalDataWriteEvent.
 The missing proposal MUST be added and you must start in extension development mode or use the following command line switch: --enable-proposed-api ms-python.python
	at R (file:///usr/lib/code/out/vs/workbench/api/node/extensionHostProcess.js:112:16578)
	at a.onDidWriteTerminalData (file:///usr/lib/code/out/vs/workbench/api/node/extensionHostProcess.js:156:46120)
	at new v (/home/vishnu/.vscode-oss/extensions/ms-python.python-2024.18.0-universal/out/client/extension.js:2:909813)
	at ge (/home/vishnu/.vscode-oss/extensions/ms-python.python-2024.18.0-universal/out/client/extension.js:2:1759387)
	at /home/vishnu/.vscode-oss/extensions/ms-python.python-2024.18.0-universal/out/client/extension.js:2:1762751
	at /home/vishnu/.vscode-oss/extensions/ms-python.python-2024.18.0-universal/out/client/extension.js:2:1762779
	at Se (/home/vishnu/.vscode-oss/extensions/ms-python.python-2024.18.0-universal/out/client/extension.js:2:1762846)
	at /home/vishnu/.vscode-oss/extensions/ms-python.python-2024.18.0-universal/out/client/extension.js:2:1763326
	at we (/home/vishnu/.vscode-oss/extensions/ms-python.python-2024.18.0-universal/out/client/extension.js:2:1763267)
	at Pe (/home/vishnu/.vscode-oss/extensions/ms-python.python-2024.18.0-universal/out/client/extension.js:2:1763301)
	at /home/vishnu/.vscode-oss/extensions/ms-python.python-2024.18.0-universal/out/client/extension.js:2:1760540
	at /home/vishnu/.vscode-oss/extensions/ms-python.python-2024.18.0-universal/out/client/extension.js:2:1762145
	at Array.reduce (<anonymous>)
	at /home/vishnu/.vscode-oss/extensions/ms-python.python-2024.18.0-universal/out/client/extension.js:2:1762117
	at /home/vishnu/.vscode-oss/extensions/ms-python.python-2024.18.0-universal/out/client/extension.js:2:1762399
	at /home/vishnu/.vscode-oss/extensions/ms-python.python-2024.18.0-universal/out/client/extension.js:2:1762779
	at Se (/home/vishnu/.vscode-oss/extensions/ms-python.python-2024.18.0-universal/out/client/extension.js:2:1762846)
	at /home/vishnu/.vscode-oss/extensions/ms-python.python-2024.18.0-universal/out/client/extension.js:2:1763326
	at we (/home/vishnu/.vscode-oss/extensions/ms-python.python-2024.18.0-universal/out/client/extension.js:2:1763267)
	at Pe (/home/vishnu/.vscode-oss/extensions/ms-python.python-2024.18.0-universal/out/client/extension.js:2:1763301)
	at /home/vishnu/.vscode-oss/extensions/ms-python.python-2024.18.0-universal/out/client/extension.js:2:1760540
	at /home/vishnu/.vscode-oss/extensions/ms-python.python-2024.18.0-universal/out/client/extension.js:2:1790210
	at /home/vishnu/.vscode-oss/extensions/ms-python.python-2024.18.0-universal/out/client/extension.js:2:1790231
	at e._get (/home/vishnu/.vscode-oss/extensions/ms-python.python-2024.18.0-universal/out/client/extension.js:2:1789244)
	at e._getButThrowIfAsync (/home/vishnu/.vscode-oss/extensions/ms-python.python-2024.18.0-universal/out/client/extension.js:2:1789304)
	at e.get (/home/vishnu/.vscode-oss/extensions/ms-python.python-2024.18.0-universal/out/client/extension.js:2:1785013)
	at e.dynamicValue (/home/vishnu/.vscode-oss/extensions/ms-python.python-2024.18.0-universal/out/client/extension.js:2:1774746)
	at /home/vishnu/.vscode-oss/extensions/ms-python.python-2024.18.0-universal/out/client/extension.js:2:1760923
	at Ee (/home/vishnu/.vscode-oss/extensions/ms-python.python-2024.18.0-universal/out/client/extension.js:2:1761179)
	at Se (/home/vishnu/.vscode-oss/extensions/ms-python.python-2024.18.0-universal/out/client/extension.js:2:1762895)
	at /home/vishnu/.vscode-oss/extensions/ms-python.python-2024.18.0-universal/out/client/extension.js:2:1763326
	at we (/home/vishnu/.vscode-oss/extensions/ms-python.python-2024.18.0-universal/out/client/extension.js:2:1763267)
	at Pe (/home/vishnu/.vscode-oss/extensions/ms-python.python-2024.18.0-universal/out/client/extension.js:2:1763301)
	at /home/vishnu/.vscode-oss/extensions/ms-python.python-2024.18.0-universal/out/client/extension.js:2:1760540
	at /home/vishnu/.vscode-oss/extensions/ms-python.python-2024.18.0-universal/out/client/extension.js:2:1760474
	at Array.map (<anonymous>)
	at /home/vishnu/.vscode-oss/extensions/ms-python.python-2024.18.0-universal/out/client/extension.js:2:1760445
	at /home/vishnu/.vscode-oss/extensions/ms-python.python-2024.18.0-universal/out/client/extension.js:2:1762145
	at Array.reduce (<anonymous>)
	at /home/vishnu/.vscode-oss/extensions/ms-python.python-2024.18.0-universal/out/client/extension.js:2:1762117
	at /home/vishnu/.vscode-oss/extensions/ms-python.python-2024.18.0-universal/out/client/extension.js:2:1762399
	at /home/vishnu/.vscode-oss/extensions/ms-python.python-2024.18.0-universal/out/client/extension.js:2:1762779
	at Se (/home/vishnu/.vscode-oss/extensions/ms-python.python-2024.18.0-universal/out/client/extension.js:2:1762846)
	at /home/vishnu/.vscode-oss/extensions/ms-python.python-2024.18.0-universal/out/client/extension.js:2:1763326
	at we (/home/vishnu/.vscode-oss/extensions/ms-python.python-2024.18.0-universal/out/client/extension.js:2:1763267)
	at Pe (/home/vishnu/.vscode-oss/extensions/ms-python.python-2024.18.0-universal/out/client/extension.js:2:1763301)
	at /home/vishnu/.vscode-oss/extensions/ms-python.python-2024.18.0-universal/out/client/extension.js:2:1760540
	at /home/vishnu/.vscode-oss/extensions/ms-python.python-2024.18.0-universal/out/client/extension.js:2:1790210
	at /home/vishnu/.vscode-oss/extensions/ms-python.python-2024.18.0-universal/out/client/extension.js:2:1790231
	at e._get (/home/vishnu/.vscode-oss/extensions/ms-python.python-2024.18.0-universal/out/client/extension.js:2:1789244)
	at e._getButThrowIfAsync (/home/vishnu/.vscode-oss/extensions/ms-python.python-2024.18.0-universal/out/client/extension.js:2:1789304)
	at e.get (/home/vishnu/.vscode-oss/extensions/ms-python.python-2024.18.0-universal/out/client/extension.js:2:1785013)
	at a.get (/home/vishnu/.vscode-oss/extensions/ms-python.python-2024.18.0-universal/out/client/extension.js:2:525791)
	at /home/vishnu/.vscode-oss/extensions/ms-python.python-2024.18.0-universal/out/client/extension.js:2:441383
	at async t.activateComponents (/home/vishnu/.vscode-oss/extensions/ms-python.python-2024.18.0-universal/out/client/extension.js:2:439663)
	at async /home/vishnu/.vscode-oss/extensions/ms-python.python-2024.18.0-universal/out/client/extension.js:2:2717119
	at async e (/home/vishnu/.vscode-oss/extensions/ms-python.python-2024.18.0-universal/out/client/extension.js:2:2716651)
	at async B0.n (file:///usr/lib/code/out/vs/workbench/api/node/extensionHostProcess.js:114:4447)
	at async B0.m (file:///usr/lib/code/out/vs/workbench/api/node/extensionHostProcess.js:114:4410)
	at async B0.l (file:///usr/lib/code/out/vs/workbench/api/node/extensionHostProcess.js:114:3866)]
2024-11-11 21:24:09.017 [info] Starting Environment refresh
2024-11-11 21:24:09.017 [info] Starting Environment refresh
2024-11-11 21:24:09.017 [info] > hatch env show --json
2024-11-11 21:24:09.017 [info] cwd: .
2024-11-11 21:24:09.017 [info] > conda info --json
2024-11-11 21:24:09.023 [info] Environments refresh finished (event): 126 milliseconds
2024-11-11 21:24:09.023 [info] Environments refresh finished (event): 125 milliseconds
2024-11-11 21:24:09.023 [info] Environments refresh paths discovered: 126 milliseconds
2024-11-11 21:24:09.023 [info] Environments refresh paths discovered: 125 milliseconds
2024-11-11 21:24:09.024 [info] Environment refresh took 128 milliseconds
2024-11-11 21:24:09.025 [info] Environment refresh took 127 milliseconds
2024-11-11 21:24:09.030 [info] > pyenv which python
2024-11-11 21:24:09.030 [info] cwd: .
2024-11-11 21:24:09.039 [info] Python interpreter path: /bin/python
2024-11-11 21:24:09.042 [error] [
  'Failed to activate a workspace, Class name = v, completed in 146ms, has a falsy return value, Arg 1: <Uri:/home/vishnu/Documents/Rithu>, Arg 2: {"started":1731340448533}, Return Value: undefined',
  [Error: Extension 'ms-python.python' CANNOT use API proposal: testObserver.
  Its package.json#enabledApiProposals-property declares:  but NOT testObserver.
   The missing proposal MUST be added and you must start in extension development mode or use the following command line switch: --enable-proposed-api ms-python.python
  	at R (file:///usr/lib/code/out/vs/workbench/api/node/extensionHostProcess.js:112:16578)
  	at get testResults (file:///usr/lib/code/out/vs/workbench/api/node/extensionHostProcess.js:156:39418)
  	at C.activate (/home/vishnu/.vscode-oss/extensions/ms-python.python-2024.18.0-universal/out/client/extension.js:2:945676)
  	at /home/vishnu/.vscode-oss/extensions/ms-python.python-2024.18.0-universal/out/client/extension.js:2:2457
  	at Array.map (<anonymous>)
  	at v.activateWorkspace (/home/vishnu/.vscode-oss/extensions/ms-python.python-2024.18.0-universal/out/client/extension.js:2:2447)]
]
2024-11-11 21:24:09.042 [error] Failure during activation. [Error: Extension 'ms-python.python' CANNOT use API proposal: testObserver.
Its package.json#enabledApiProposals-property declares:  but NOT testObserver.
 The missing proposal MUST be added and you must start in extension development mode or use the following command line switch: --enable-proposed-api ms-python.python
	at R (file:///usr/lib/code/out/vs/workbench/api/node/extensionHostProcess.js:112:16578)
	at get testResults (file:///usr/lib/code/out/vs/workbench/api/node/extensionHostProcess.js:156:39418)
	at C.activate (/home/vishnu/.vscode-oss/extensions/ms-python.python-2024.18.0-universal/out/client/extension.js:2:945676)
	at /home/vishnu/.vscode-oss/extensions/ms-python.python-2024.18.0-universal/out/client/extension.js:2:2457
	at Array.map (<anonymous>)
	at v.activateWorkspace (/home/vishnu/.vscode-oss/extensions/ms-python.python-2024.18.0-universal/out/client/extension.js:2:2447)]
2024-11-11 21:24:09.042 [error] sendStartupTelemetry() failed. [Error: Extension 'ms-python.python' CANNOT use API proposal: testObserver.
Its package.json#enabledApiProposals-property declares:  but NOT testObserver.
 The missing proposal MUST be added and you must start in extension development mode or use the following command line switch: --enable-proposed-api ms-python.python
	at R (file:///usr/lib/code/out/vs/workbench/api/node/extensionHostProcess.js:112:16578)
	at get testResults (file:///usr/lib/code/out/vs/workbench/api/node/extensionHostProcess.js:156:39418)
	at C.activate (/home/vishnu/.vscode-oss/extensions/ms-python.python-2024.18.0-universal/out/client/extension.js:2:945676)
	at /home/vishnu/.vscode-oss/extensions/ms-python.python-2024.18.0-universal/out/client/extension.js:2:2457
	at Array.map (<anonymous>)
	at v.activateWorkspace (/home/vishnu/.vscode-oss/extensions/ms-python.python-2024.18.0-universal/out/client/extension.js:2:2447)]
2024-11-11 21:24:09.642 [info] Starting Jedi language server for Rithu.
2024-11-11 21:24:17.307 [info] Discover tests for workspace name: Rithu - uri: /home/vishnu/Documents/Rithu/app.py
2024-11-11 21:27:10.409 [info] > ./myenv/bin/python -I ~/.vscode-oss/extensions/ms-python.python-2024.18.0-universal/python_files/get_output_via_markers.py ~/.vscode-oss/extensions/ms-python.python-2024.18.0-universal/python_files/interpreterInfo.py
2024-11-11 21:27:10.409 [info] Environments refresh paths discovered: 22 milliseconds
2024-11-11 21:27:10.433 [info] Environments refresh finished (event): 46 milliseconds
2024-11-11 21:33:40.300 [info] Discover tests for workspace name: Rithu - uri: /home/vishnu/Documents/Rithu/app.py
2024-11-11 21:33:40.921 [info] Discover tests for workspace name: Rithu - uri: /home/vishnu/Documents/Rithu/app.py
