2024-11-14 12:30:06.725 [info] [main] Log level: Info
2024-11-14 12:30:06.725 [info] [main] Validating found git in: "git"
2024-11-14 12:30:06.725 [info] [main] Using git "2.47.0" from "git"
2024-11-14 12:30:06.725 [info] [Model][doInitialScan] Initial repository scan started
2024-11-14 12:30:06.725 [info] > git rev-parse --show-toplevel [3ms]
2024-11-14 12:30:06.725 [info] > git rev-parse --git-dir --git-common-dir [25ms]
2024-11-14 12:30:06.725 [info] [Model][openRepository] Opened repository: /home/vishnu/Documents/Rithu
2024-11-14 12:30:06.726 [info] > git rev-parse --show-toplevel [8ms]
2024-11-14 12:30:06.727 [info] > git config --get commit.template [11ms]
2024-11-14 12:30:06.739 [info] > git rev-parse --show-toplevel [7ms]
2024-11-14 12:30:06.740 [info] > git for-each-ref --format=%(refname)%00%(upstream:short)%00%(objectname)%00%(upstream:track)%00%(upstream:remotename)%00%(upstream:remoteref) refs/heads/main refs/remotes/main [2ms]
2024-11-14 12:30:06.750 [info] > git rev-parse --show-toplevel [6ms]
2024-11-14 12:30:06.750 [info] [Model][doInitialScan] Initial repository scan completed - repositories (1), closed repositories (0), parent repositories (0), unsafe repositories (0)
2024-11-14 12:30:06.763 [info] > git for-each-ref --sort -committerdate --format %(refname) %(objectname) %(*objectname) [2ms]
2024-11-14 12:30:06.766 [info] > git status -z -uall [10ms]
2024-11-14 12:30:06.783 [info] > git for-each-ref --format=%(refname)%00%(upstream:short)%00%(objectname)%00%(upstream:track)%00%(upstream:remotename)%00%(upstream:remoteref) refs/heads/main refs/remotes/main [9ms]
2024-11-14 12:30:06.789 [info] > git config --local branch.main.vscode-merge-base [2ms]
2024-11-14 12:30:06.789 [warning] [Git][config] git config failed: Failed to execute git
2024-11-14 12:30:06.793 [info] > git config --get commit.template [10ms]
2024-11-14 12:30:06.799 [info] > git reflog main --grep-reflog=branch: Created from *. [5ms]
2024-11-14 12:30:06.805 [info] > git symbolic-ref --short refs/remotes/origin/HEAD [3ms]
2024-11-14 12:30:06.805 [info] fatal: ref refs/remotes/origin/HEAD is not a symbolic ref
2024-11-14 12:30:06.805 [warning] [Repository][getDefaultBranch] Failed to get default branch details: Failed to execute git.
2024-11-14 12:30:06.816 [info] > git for-each-ref --format=%(refname)%00%(upstream:short)%00%(objectname)%00%(upstream:track)%00%(upstream:remotename)%00%(upstream:remoteref) refs/heads/main refs/remotes/main [18ms]
2024-11-14 12:30:06.817 [info] > git merge-base refs/heads/main refs/remotes/origin/main [8ms]
2024-11-14 12:30:06.831 [info] > git diff --name-status -z --diff-filter=ADMR aba5ecf484dd342277916292caa1a50b39bb88b6...refs/remotes/origin/main [10ms]
2024-11-14 12:30:06.832 [info] > git for-each-ref --sort -committerdate --format %(refname) %(objectname) %(*objectname) [2ms]
2024-11-14 12:30:06.836 [info] > git status -z -uall [10ms]
2024-11-14 12:30:07.016 [info] > git show --textconv :requirements.txt [5ms]
2024-11-14 12:30:07.019 [info] > git ls-files --stage -- /home/vishnu/Documents/Rithu/requirements.txt [3ms]
2024-11-14 12:30:07.024 [info] > git cat-file -s 8b42ae090642e19e3e02b4cb0f01ca62019dc0da [2ms]
2024-11-14 12:30:07.239 [info] > git check-ignore -v -z --stdin [4ms]
