2024-11-14 06:42:04.302 [info] [main] Log level: Info
2024-11-14 06:42:04.302 [info] [main] Validating found git in: "git"
2024-11-14 06:42:04.302 [info] [main] Using git "2.47.0" from "git"
2024-11-14 06:42:04.302 [info] [Model][doInitialScan] Initial repository scan started
2024-11-14 06:42:04.302 [info] > git rev-parse --show-toplevel [4ms]
2024-11-14 06:42:04.302 [info] > git rev-parse --git-dir --git-common-dir [6ms]
2024-11-14 06:42:04.302 [info] [Model][openRepository] Opened repository: /home/vishnu
2024-11-14 06:42:04.303 [info] > git rev-parse --show-toplevel [4ms]
2024-11-14 06:42:04.303 [info] > git config --get commit.template [8ms]
2024-11-14 06:42:04.316 [info] > git for-each-ref --format=%(refname)%00%(upstream:short)%00%(objectname)%00%(upstream:track)%00%(upstream:remotename)%00%(upstream:remoteref) refs/heads/dotfiles-garuda-hyprland refs/remotes/dotfiles-garuda-hyprland [2ms]
2024-11-14 06:42:04.328 [info] > git rev-parse --show-toplevel [18ms]
2024-11-14 06:42:04.333 [info] > git for-each-ref --sort -committerdate --format %(refname) %(objectname) %(*objectname) [6ms]
2024-11-14 06:42:04.334 [info] > git rev-parse --show-toplevel [1ms]
2024-11-14 06:42:04.341 [info] > git rev-parse --show-toplevel [2ms]
2024-11-14 06:42:04.342 [info] [Model][doInitialScan] Initial repository scan completed - repositories (1), closed repositories (0), parent repositories (0), unsafe repositories (0)
2024-11-14 06:42:04.600 [info] > git show --textconv :Documents/Rithu/app.py [8ms]
2024-11-14 06:42:04.602 [info] > git ls-files --stage -- /home/vishnu/Documents/Rithu/app.py [3ms]
2024-11-14 06:42:04.624 [info] > git status -z -uall [302ms] (cancelled)
2024-11-14 06:42:04.625 [info] > git check-ignore -v -z --stdin [1ms]
2024-11-14 06:42:04.808 [info] > git check-ignore -v -z --stdin [2ms]
2024-11-14 06:42:21.860 [info] > git show --textconv :Documents/Rithu/templates/index.html [5ms]
2024-11-14 06:42:21.861 [info] > git ls-files --stage -- /home/vishnu/Documents/Rithu/templates/index.html [2ms]
2024-11-14 06:42:26.959 [info] > git show --textconv :Documents/Rithu/app.py [7ms]
2024-11-14 06:42:26.961 [info] > git ls-files --stage -- /home/vishnu/Documents/Rithu/app.py [1ms]
2024-11-14 06:42:29.601 [info] > git show --textconv :Documents/Rithu/app.py [5ms]
2024-11-14 06:42:29.602 [info] > git ls-files --stage -- /home/vishnu/Documents/Rithu/app.py [1ms]
2024-11-14 06:42:32.536 [info] > git show --textconv :Documents/Rithu/requirements.txt [8ms]
2024-11-14 06:42:32.537 [info] > git ls-files --stage -- /home/vishnu/Documents/Rithu/requirements.txt [2ms]
2024-11-14 06:44:27.709 [info] > git show --textconv :Documents/Rithu/app.py [6ms]
2024-11-14 06:44:27.710 [info] > git ls-files --stage -- /home/vishnu/Documents/Rithu/app.py [1ms]
2024-11-14 06:44:43.539 [info] > git show --textconv :Documents/Rithu/templates/index.html [7ms]
2024-11-14 06:44:43.540 [info] > git ls-files --stage -- /home/vishnu/Documents/Rithu/templates/index.html [1ms]
2024-11-14 06:44:47.632 [info] > git show --textconv :Documents/Rithu/app.py [9ms]
2024-11-14 06:44:47.634 [info] > git ls-files --stage -- /home/vishnu/Documents/Rithu/app.py [2ms]
2024-11-14 06:49:15.990 [info] > git show --textconv :Documents/Rithu/templates/index.html [8ms]
2024-11-14 06:49:15.991 [info] > git ls-files --stage -- /home/vishnu/Documents/Rithu/templates/index.html [1ms]
2024-11-14 06:49:40.932 [info] > git show --textconv :Documents/Rithu/app.py [8ms]
2024-11-14 06:49:40.932 [info] > git ls-files --stage -- /home/vishnu/Documents/Rithu/app.py [1ms]
2024-11-14 06:50:50.413 [info] > git check-ignore -v -z --stdin [2ms]
2024-11-14 06:58:15.196 [info] > git show --textconv :Documents/Rithu/requirements.txt [7ms]
2024-11-14 06:58:15.197 [info] > git ls-files --stage -- /home/vishnu/Documents/Rithu/requirements.txt [2ms]
