2024-11-14 12:30:21.275 [info] [main] Log level: Info
2024-11-14 12:30:21.275 [info] [main] Validating found git in: "git"
2024-11-14 12:30:21.275 [info] [main] Using git "2.47.0" from "git"
2024-11-14 12:30:21.275 [info] [Model][doInitialScan] Initial repository scan started
2024-11-14 12:30:21.275 [info] > git rev-parse --show-toplevel [5ms]
2024-11-14 12:30:21.275 [info] > git rev-parse --git-dir --git-common-dir [6ms]
2024-11-14 12:30:21.275 [info] [Model][openRepository] Opened repository: /home/vishnu/Documents/Rithu
2024-11-14 12:30:21.275 [info] > git rev-parse --show-toplevel [2ms]
2024-11-14 12:30:21.275 [info] > git config --get commit.template [6ms]
2024-11-14 12:30:21.279 [info] > git rev-parse --show-toplevel [11ms]
2024-11-14 12:30:21.288 [info] > git for-each-ref --format=%(refname)%00%(upstream:short)%00%(objectname)%00%(upstream:track)%00%(upstream:remotename)%00%(upstream:remoteref) refs/heads/main refs/remotes/main [14ms]
2024-11-14 12:30:21.293 [info] > git rev-parse --show-toplevel [7ms]
2024-11-14 12:30:21.294 [info] [Model][doInitialScan] Initial repository scan completed - repositories (1), closed repositories (0), parent repositories (0), unsafe repositories (0)
2024-11-14 12:30:21.333 [info] > git status -z -uall [13ms]
2024-11-14 12:30:21.334 [info] > git for-each-ref --sort -committerdate --format %(refname) %(objectname) %(*objectname) [9ms]
2024-11-14 12:30:21.354 [info] > git for-each-ref --format=%(refname)%00%(upstream:short)%00%(objectname)%00%(upstream:track)%00%(upstream:remotename)%00%(upstream:remoteref) refs/heads/main refs/remotes/main [11ms]
2024-11-14 12:30:21.363 [info] > git config --get commit.template [8ms]
2024-11-14 12:30:21.366 [info] > git config --local branch.main.vscode-merge-base [5ms]
2024-11-14 12:30:21.366 [warning] [Git][config] git config failed: Failed to execute git
2024-11-14 12:30:21.385 [info] > git reflog main --grep-reflog=branch: Created from *. [15ms]
2024-11-14 12:30:21.391 [info] > git for-each-ref --format=%(refname)%00%(upstream:short)%00%(objectname)%00%(upstream:track)%00%(upstream:remotename)%00%(upstream:remoteref) refs/heads/main refs/remotes/main [7ms]
2024-11-14 12:30:21.392 [info] > git symbolic-ref --short refs/remotes/origin/HEAD [2ms]
2024-11-14 12:30:21.392 [info] fatal: ref refs/remotes/origin/HEAD is not a symbolic ref
2024-11-14 12:30:21.392 [warning] [Repository][getDefaultBranch] Failed to get default branch details: Failed to execute git.
2024-11-14 12:30:21.405 [info] > git merge-base refs/heads/main refs/remotes/origin/main [8ms]
2024-11-14 12:30:21.424 [info] > git diff --name-status -z --diff-filter=ADMR aba5ecf484dd342277916292caa1a50b39bb88b6...refs/remotes/origin/main [14ms]
2024-11-14 12:30:21.425 [info] > git for-each-ref --sort -committerdate --format %(refname) %(objectname) %(*objectname) [2ms]
2024-11-14 12:30:21.441 [info] > git status -z -uall [23ms]
2024-11-14 12:30:21.564 [info] > git show --textconv :requirements.txt [4ms]
2024-11-14 12:30:21.566 [info] > git ls-files --stage -- /home/vishnu/Documents/Rithu/requirements.txt [2ms]
2024-11-14 12:30:21.572 [info] > git cat-file -s 8b42ae090642e19e3e02b4cb0f01ca62019dc0da [2ms]
2024-11-14 12:30:21.797 [info] > git check-ignore -v -z --stdin [3ms]
