2024-11-10 20:39:25.689 [info] [main] Log level: Info
2024-11-10 20:39:25.689 [info] [main] Validating found git in: "git"
2024-11-10 20:39:25.689 [info] [main] Using git "2.47.0" from "git"
2024-11-10 20:39:25.689 [info] [Model][doInitialScan] Initial repository scan started
2024-11-10 20:39:25.689 [info] > git rev-parse --show-toplevel [23ms]
2024-11-10 20:39:25.689 [info] > git rev-parse --git-dir --git-common-dir [2ms]
2024-11-10 20:39:25.689 [info] [Model][openRepository] Opened repository: /home/vishnu/Documents/BDA/bda
2024-11-10 20:39:25.689 [info] > git rev-parse --show-toplevel [1ms]
2024-11-10 20:39:25.690 [info] > git config --get commit.template [7ms]
2024-11-10 20:39:25.702 [info] > git rev-parse --show-toplevel [7ms]
2024-11-10 20:39:25.709 [info] > git for-each-ref --format=%(refname)%00%(upstream:short)%00%(objectname)%00%(upstream:track)%00%(upstream:remotename)%00%(upstream:remoteref) refs/heads/main refs/remotes/main [8ms]
2024-11-10 20:39:25.710 [info] > git rev-parse --show-toplevel [2ms]
2024-11-10 20:39:25.728 [info] > git rev-parse --show-toplevel [12ms]
2024-11-10 20:39:25.728 [info] [Model][doInitialScan] Initial repository scan completed - repositories (1), closed repositories (0), parent repositories (0), unsafe repositories (0)
2024-11-10 20:39:25.729 [info] > git for-each-ref --sort -committerdate --format %(refname) %(objectname) %(*objectname) [2ms]
2024-11-10 20:39:25.736 [info] > git status -z -uall [15ms]
2024-11-10 20:39:25.764 [info] > git for-each-ref --format=%(refname)%00%(upstream:short)%00%(objectname)%00%(upstream:track)%00%(upstream:remotename)%00%(upstream:remoteref) refs/heads/main refs/remotes/main [13ms]
2024-11-10 20:39:25.779 [info] > git config --local branch.main.vscode-merge-base [6ms]
2024-11-10 20:39:25.779 [warning] [Git][config] git config failed: Failed to execute git
2024-11-10 20:39:25.786 [info] > git config --get commit.template [23ms]
2024-11-10 20:39:25.793 [info] > git reflog main --grep-reflog=branch: Created from *. [7ms]
2024-11-10 20:39:25.799 [info] > git for-each-ref --format=%(refname)%00%(upstream:short)%00%(objectname)%00%(upstream:track)%00%(upstream:remotename)%00%(upstream:remoteref) refs/heads/main refs/remotes/main [7ms]
2024-11-10 20:39:25.800 [info] > git symbolic-ref --short refs/remotes/origin/HEAD [2ms]
2024-11-10 20:39:25.800 [info] fatal: ref refs/remotes/origin/HEAD is not a symbolic ref
2024-11-10 20:39:25.800 [warning] [Repository][getDefaultBranch] Failed to get default branch details: Failed to execute git.
2024-11-10 20:39:25.813 [info] > git merge-base refs/heads/main refs/remotes/origin/main [8ms]
2024-11-10 20:39:25.846 [info] > git diff --name-status -z --diff-filter=ADMR 29da90f67ebe0563a6538a2a46c9148b14bef41e...refs/remotes/origin/main [28ms]
2024-11-10 20:39:25.858 [info] > git for-each-ref --sort -committerdate --format %(refname) %(objectname) %(*objectname) [1ms]
2024-11-10 20:39:25.864 [info] > git status -z -uall [13ms]
2024-11-10 20:39:26.031 [info] > git show --textconv :main.py [7ms]
2024-11-10 20:39:26.033 [info] > git ls-files --stage -- /home/vishnu/Documents/BDA/bda/main.py [2ms]
2024-11-10 20:39:26.038 [info] > git cat-file -s a4ba5b7c051b2cb4f9d0a905f32ed40e670fb5f9 [1ms]
2024-11-10 20:39:26.212 [info] > git check-ignore -v -z --stdin [4ms]
2024-11-10 20:39:34.382 [info] > git show --textconv :src/App.css [5ms]
2024-11-10 20:39:34.383 [info] > git ls-files --stage -- /home/vishnu/Documents/BDA/bda/src/App.css [2ms]
2024-11-10 20:39:34.388 [info] > git cat-file -s d5f9c237e21a3acdb832c5c93072717647789b50 [1ms]
2024-11-10 20:39:35.480 [info] > git show --textconv :src/App.js [6ms]
2024-11-10 20:39:35.481 [info] > git ls-files --stage -- /home/vishnu/Documents/BDA/bda/src/App.js [2ms]
2024-11-10 20:39:35.487 [info] > git cat-file -s fe249bcc2d611b9d20ac23a4b23c5eddeec34ee6 [1ms]
2024-11-10 20:39:37.373 [info] > git show --textconv :src/App.test.js [6ms]
2024-11-10 20:39:37.374 [info] > git ls-files --stage -- /home/vishnu/Documents/BDA/bda/src/App.test.js [2ms]
2024-11-10 20:39:37.381 [info] > git cat-file -s 1f03afeece5ac28064fa3c73a29215037465f789 [2ms]
2024-11-10 20:39:39.371 [info] > git show --textconv :src/App.js [6ms]
2024-11-10 20:39:39.373 [info] > git ls-files --stage -- /home/vishnu/Documents/BDA/bda/src/App.js [2ms]
2024-11-10 20:39:39.379 [info] > git cat-file -s fe249bcc2d611b9d20ac23a4b23c5eddeec34ee6 [1ms]
2024-11-10 20:39:40.172 [info] > git show --textconv :src/index.css [7ms]
2024-11-10 20:39:40.173 [info] > git ls-files --stage -- /home/vishnu/Documents/BDA/bda/src/index.css [2ms]
2024-11-10 20:39:40.181 [info] > git cat-file -s ec2585e8c0bb8188184ed1e0703c4c8f2a8419b0 [2ms]
2024-11-10 20:39:40.929 [info] > git show --textconv :src/App.js [10ms]
2024-11-10 20:39:40.931 [info] > git ls-files --stage -- /home/vishnu/Documents/BDA/bda/src/App.js [3ms]
2024-11-10 20:39:40.938 [info] > git cat-file -s fe249bcc2d611b9d20ac23a4b23c5eddeec34ee6 [1ms]
2024-11-10 20:45:46.581 [info] > git config --get commit.template [2ms]
2024-11-10 20:45:46.591 [info] > git for-each-ref --format=%(refname)%00%(upstream:short)%00%(objectname)%00%(upstream:track)%00%(upstream:remotename)%00%(upstream:remoteref) refs/heads/main refs/remotes/main [2ms]
2024-11-10 20:45:46.608 [info] > git for-each-ref --sort -committerdate --format %(refname) %(objectname) %(*objectname) [2ms]
2024-11-10 20:45:46.612 [info] > git status -z -uall [12ms]
2024-11-10 20:46:25.800 [info] > git check-ignore -v -z --stdin [2ms]
2024-11-10 20:46:45.736 [info] > git config --get commit.template [10ms]
2024-11-10 20:46:45.737 [info] > git for-each-ref --format=%(refname)%00%(upstream:short)%00%(objectname)%00%(upstream:track)%00%(upstream:remotename)%00%(upstream:remoteref) refs/heads/main refs/remotes/main [2ms]
2024-11-10 20:46:45.752 [info] > git for-each-ref --sort -committerdate --format %(refname) %(objectname) %(*objectname) [1ms]
2024-11-10 20:46:45.760 [info] > git status -z -uall [16ms]
2024-11-10 20:46:51.354 [info] > git config --get commit.template [1ms]
2024-11-10 20:46:51.365 [info] > git for-each-ref --format=%(refname)%00%(upstream:short)%00%(objectname)%00%(upstream:track)%00%(upstream:remotename)%00%(upstream:remoteref) refs/heads/main refs/remotes/main [1ms]
2024-11-10 20:46:51.379 [info] > git for-each-ref --sort -committerdate --format %(refname) %(objectname) %(*objectname) [1ms]
2024-11-10 20:46:51.384 [info] > git status -z -uall [13ms]
2024-11-10 20:48:36.879 [info] > git config --get commit.template [10ms]
2024-11-10 20:48:36.881 [info] > git for-each-ref --format=%(refname)%00%(upstream:short)%00%(objectname)%00%(upstream:track)%00%(upstream:remotename)%00%(upstream:remoteref) refs/heads/main refs/remotes/main [3ms]
2024-11-10 20:48:36.896 [info] > git for-each-ref --sort -committerdate --format %(refname) %(objectname) %(*objectname) [2ms]
2024-11-10 20:48:36.908 [info] > git status -z -uall [20ms]
2024-11-10 21:03:11.605 [info] > git show --textconv :package.json [6ms]
2024-11-10 21:03:11.607 [info] > git ls-files --stage -- /home/vishnu/Documents/BDA/bda/package.json [2ms]
2024-11-10 21:03:11.614 [info] > git cat-file -s fe08a9317ef7259859c9b97abb0757e452231305 [0ms]
2024-11-10 21:05:03.364 [info] > git config --get commit.template [12ms]
2024-11-10 21:05:03.365 [info] > git for-each-ref --format=%(refname)%00%(upstream:short)%00%(objectname)%00%(upstream:track)%00%(upstream:remotename)%00%(upstream:remoteref) refs/heads/main refs/remotes/main [3ms]
2024-11-10 21:05:03.383 [info] > git for-each-ref --sort -committerdate --format %(refname) %(objectname) %(*objectname) [1ms]
2024-11-10 21:05:03.406 [info] > git status -z -uall [32ms]
