2024-11-17 17:48:40.829 [info] [main] Log level: Info
2024-11-17 17:48:40.829 [info] [main] Validating found git in: "git"
2024-11-17 17:48:40.829 [info] [main] Using git "2.47.0" from "git"
2024-11-17 17:48:40.829 [info] [Model][doInitialScan] Initial repository scan started
2024-11-17 17:48:40.829 [info] > git rev-parse --show-toplevel [4ms]
2024-11-17 17:48:40.829 [info] > git rev-parse --git-dir --git-common-dir [1ms]
2024-11-17 17:48:40.829 [info] [Model][openRepository] Opened repository: /home/vishnu/Videos/battery_monitor/server
2024-11-17 17:48:40.837 [info] > git rev-parse --show-toplevel [1ms]
2024-11-17 17:48:40.838 [info] [Model][doInitialScan] Initial repository scan completed - repositories (1), closed repositories (0), parent repositories (0), unsafe repositories (0)
2024-11-17 17:48:40.838 [info] > git config --get commit.template [6ms]
2024-11-17 17:48:40.874 [info] > git for-each-ref --format=%(refname)%00%(upstream:short)%00%(objectname)%00%(upstream:track)%00%(upstream:remotename)%00%(upstream:remoteref) refs/heads/main refs/remotes/main [9ms]
2024-11-17 17:48:40.882 [info] > git status -z -uall [4ms]
2024-11-17 17:48:40.883 [info] > git for-each-ref --sort -committerdate --format %(refname) %(objectname) %(*objectname) [1ms]
2024-11-17 17:48:40.896 [info] > git for-each-ref --format=%(refname)%00%(upstream:short)%00%(objectname)%00%(upstream:track)%00%(upstream:remotename)%00%(upstream:remoteref) refs/heads/main refs/remotes/main [6ms]
2024-11-17 17:48:40.903 [info] > git config --local branch.main.vscode-merge-base [3ms]
2024-11-17 17:48:40.903 [warning] [Git][config] git config failed: Failed to execute git
2024-11-17 17:48:40.906 [info] > git config --get commit.template [10ms]
2024-11-17 17:48:40.929 [info] > git reflog main --grep-reflog=branch: Created from *. [23ms]
2024-11-17 17:48:40.937 [info] > git symbolic-ref --short refs/remotes/origin/HEAD [5ms]
2024-11-17 17:48:40.937 [info] fatal: ref refs/remotes/origin/HEAD is not a symbolic ref
2024-11-17 17:48:40.937 [warning] [Repository][getDefaultBranch] Failed to get default branch details: Failed to execute git.
2024-11-17 17:48:40.947 [info] > git merge-base refs/heads/main refs/remotes/origin/main [6ms]
2024-11-17 17:48:40.950 [info] > git for-each-ref --format=%(refname)%00%(upstream:short)%00%(objectname)%00%(upstream:track)%00%(upstream:remotename)%00%(upstream:remoteref) refs/heads/main refs/remotes/main [13ms]
2024-11-17 17:48:40.958 [info] > git diff --name-status -z --diff-filter=ADMR c056820bda02c31bda851eb587ab0547d94c4256...refs/remotes/origin/main [8ms]
2024-11-17 17:48:40.959 [info] > git for-each-ref --sort -committerdate --format %(refname) %(objectname) %(*objectname) [2ms]
2024-11-17 17:48:40.959 [info] > git status -z -uall [5ms]
2024-11-17 17:48:41.344 [info] > git check-ignore -v -z --stdin [1ms]
2024-11-17 17:48:42.207 [info] > git show --textconv :r.txt [4ms]
2024-11-17 17:48:42.208 [info] > git ls-files --stage -- /home/vishnu/Videos/battery_monitor/server/r.txt [1ms]
2024-11-17 17:48:42.212 [info] > git cat-file -s 498ecbbc7ad09f437e418c3a34bb09ef383e17d4 [0ms]
2024-11-17 17:48:44.319 [info] > git show --textconv :main.py [64ms]
2024-11-17 17:48:44.320 [info] > git ls-files --stage -- /home/vishnu/Videos/battery_monitor/server/main.py [60ms]
2024-11-17 17:48:44.331 [info] > git cat-file -s 130b9de1cbe12de64ef24e7a384e71dc99a063cd [8ms]
2024-11-17 17:49:28.120 [info] > git check-ignore -v -z --stdin [2ms]
2024-11-17 17:49:32.933 [info] > git config --get commit.template [1ms]
2024-11-17 17:49:32.939 [info] > git for-each-ref --format=%(refname)%00%(upstream:short)%00%(objectname)%00%(upstream:track)%00%(upstream:remotename)%00%(upstream:remoteref) refs/heads/main refs/remotes/main [2ms]
2024-11-17 17:49:32.948 [info] > git status -z -uall [5ms]
2024-11-17 17:49:32.949 [info] > git for-each-ref --sort -committerdate --format %(refname) %(objectname) %(*objectname) [1ms]
2024-11-17 17:49:47.561 [info] > git show --textconv :templates/index.html [11ms]
2024-11-17 17:49:47.562 [info] > git ls-files --stage -- /home/vishnu/Videos/battery_monitor/server/templates/index.html [2ms]
2024-11-17 17:49:47.876 [info] > git check-ignore -v -z --stdin [1ms]
2024-11-17 17:49:54.867 [info] > git config --get commit.template [6ms]
2024-11-17 17:49:54.869 [info] > git for-each-ref --format=%(refname)%00%(upstream:short)%00%(objectname)%00%(upstream:track)%00%(upstream:remotename)%00%(upstream:remoteref) refs/heads/main refs/remotes/main [2ms]
2024-11-17 17:49:54.878 [info] > git status -z -uall [5ms]
2024-11-17 17:49:54.878 [info] > git for-each-ref --sort -committerdate --format %(refname) %(objectname) %(*objectname) [1ms]
2024-11-17 17:49:55.751 [info] > git show --textconv :main.py [5ms]
2024-11-17 17:49:55.751 [info] > git ls-files --stage -- /home/vishnu/Videos/battery_monitor/server/main.py [1ms]
2024-11-17 17:49:55.756 [info] > git cat-file -s 130b9de1cbe12de64ef24e7a384e71dc99a063cd [1ms]
2024-11-17 17:49:59.900 [info] > git config --get commit.template [6ms]
2024-11-17 17:49:59.900 [info] > git for-each-ref --format=%(refname)%00%(upstream:short)%00%(objectname)%00%(upstream:track)%00%(upstream:remotename)%00%(upstream:remoteref) refs/heads/main refs/remotes/main [1ms]
2024-11-17 17:49:59.911 [info] > git for-each-ref --sort -committerdate --format %(refname) %(objectname) %(*objectname) [1ms]
2024-11-17 17:49:59.912 [info] > git status -z -uall [7ms]
2024-11-17 17:50:10.239 [info] > git config --get commit.template [7ms]
2024-11-17 17:50:10.240 [info] > git for-each-ref --format=%(refname)%00%(upstream:short)%00%(objectname)%00%(upstream:track)%00%(upstream:remotename)%00%(upstream:remoteref) refs/heads/main refs/remotes/main [2ms]
2024-11-17 17:50:10.250 [info] > git status -z -uall [4ms]
2024-11-17 17:50:10.250 [info] > git for-each-ref --sort -committerdate --format %(refname) %(objectname) %(*objectname) [1ms]
2024-11-17 17:53:00.805 [info] > git config --get commit.template [8ms]
2024-11-17 17:53:00.805 [info] > git for-each-ref --format=%(refname)%00%(upstream:short)%00%(objectname)%00%(upstream:track)%00%(upstream:remotename)%00%(upstream:remoteref) refs/heads/main refs/remotes/main [1ms]
2024-11-17 17:53:00.815 [info] > git status -z -uall [5ms]
2024-11-17 17:53:00.818 [info] > git for-each-ref --sort -committerdate --format %(refname) %(objectname) %(*objectname) [4ms]
2024-11-17 17:53:33.194 [info] > git config --get commit.template [7ms]
2024-11-17 17:53:33.195 [info] > git for-each-ref --format=%(refname)%00%(upstream:short)%00%(objectname)%00%(upstream:track)%00%(upstream:remotename)%00%(upstream:remoteref) refs/heads/main refs/remotes/main [2ms]
2024-11-17 17:53:33.207 [info] > git status -z -uall [6ms]
2024-11-17 17:53:33.208 [info] > git for-each-ref --sort -committerdate --format %(refname) %(objectname) %(*objectname) [2ms]
2024-11-17 17:53:38.225 [info] > git for-each-ref --format=%(refname)%00%(upstream:short)%00%(objectname)%00%(upstream:track)%00%(upstream:remotename)%00%(upstream:remoteref) refs/heads/main refs/remotes/main [1ms]
2024-11-17 17:53:38.225 [info] > git config --get commit.template [6ms]
2024-11-17 17:53:38.234 [info] > git status -z -uall [5ms]
2024-11-17 17:53:38.236 [info] > git for-each-ref --sort -committerdate --format %(refname) %(objectname) %(*objectname) [3ms]
2024-11-17 17:53:49.176 [info] > git show --textconv :templates/index.html [6ms]
2024-11-17 17:53:49.177 [info] > git ls-files --stage -- /home/vishnu/Videos/battery_monitor/server/templates/index.html [1ms]
2024-11-17 17:54:15.112 [info] > git config --get commit.template [6ms]
2024-11-17 17:54:15.113 [info] > git for-each-ref --format=%(refname)%00%(upstream:short)%00%(objectname)%00%(upstream:track)%00%(upstream:remotename)%00%(upstream:remoteref) refs/heads/main refs/remotes/main [1ms]
2024-11-17 17:54:15.125 [info] > git status -z -uall [6ms]
2024-11-17 17:54:15.126 [info] > git for-each-ref --sort -committerdate --format %(refname) %(objectname) %(*objectname) [2ms]
2024-11-17 17:54:27.487 [info] > git config --get commit.template [6ms]
2024-11-17 17:54:27.487 [info] > git for-each-ref --format=%(refname)%00%(upstream:short)%00%(objectname)%00%(upstream:track)%00%(upstream:remotename)%00%(upstream:remoteref) refs/heads/main refs/remotes/main [1ms]
2024-11-17 17:54:27.496 [info] > git status -z -uall [5ms]
2024-11-17 17:54:27.498 [info] > git for-each-ref --sort -committerdate --format %(refname) %(objectname) %(*objectname) [2ms]
2024-11-17 17:54:27.979 [info] > git show --textconv :main.py [5ms]
2024-11-17 17:54:27.980 [info] > git ls-files --stage -- /home/vishnu/Videos/battery_monitor/server/main.py [1ms]
2024-11-17 17:54:27.984 [info] > git cat-file -s 130b9de1cbe12de64ef24e7a384e71dc99a063cd [1ms]
2024-11-17 17:54:34.522 [info] > git show --textconv :templates/index.html [6ms]
2024-11-17 17:54:34.523 [info] > git ls-files --stage -- /home/vishnu/Videos/battery_monitor/server/templates/index.html [1ms]
2024-11-17 17:54:54.216 [info] > git show --textconv :main.py [5ms]
2024-11-17 17:54:54.217 [info] > git ls-files --stage -- /home/vishnu/Videos/battery_monitor/server/main.py [1ms]
2024-11-17 17:54:54.222 [info] > git cat-file -s 130b9de1cbe12de64ef24e7a384e71dc99a063cd [1ms]
2024-11-17 17:58:50.284 [info] > git config --get commit.template [6ms]
2024-11-17 17:58:50.288 [info] > git for-each-ref --format=%(refname)%00%(upstream:short)%00%(objectname)%00%(upstream:track)%00%(upstream:remotename)%00%(upstream:remoteref) refs/heads/main refs/remotes/main [5ms]
2024-11-17 17:58:50.297 [info] > git status -z -uall [4ms]
2024-11-17 17:58:50.297 [info] > git ls-files --stage -- /home/vishnu/Videos/battery_monitor/server/main.py [9ms]
2024-11-17 17:58:50.301 [info] > git for-each-ref --sort -committerdate --format %(refname) %(objectname) %(*objectname) [5ms]
2024-11-17 17:58:50.310 [info] > git cat-file -s ea28beff0139c4843389ce58b11e232491fcbd36 [9ms]
2024-11-17 17:58:50.311 [info] > git merge-base refs/heads/main refs/remotes/origin/main [2ms]
2024-11-17 17:58:50.320 [info] > git diff --name-status -z --diff-filter=ADMR 9a7fc2927b4ed77a0e71aa3940e151671fb05e3c...refs/remotes/origin/main [4ms]
2024-11-17 17:58:50.321 [info] > git show --textconv :main.py [1ms]
2024-11-17 18:04:57.645 [info] > git config --get commit.template [6ms]
2024-11-17 18:04:57.645 [info] > git for-each-ref --format=%(refname)%00%(upstream:short)%00%(objectname)%00%(upstream:track)%00%(upstream:remotename)%00%(upstream:remoteref) refs/heads/main refs/remotes/main [1ms]
2024-11-17 18:04:57.654 [info] > git status -z -uall [4ms]
2024-11-17 18:04:57.655 [info] > git for-each-ref --sort -committerdate --format %(refname) %(objectname) %(*objectname) [2ms]
2024-11-17 18:21:58.589 [info] > git config --get commit.template [2ms]
2024-11-17 18:21:58.596 [info] > git for-each-ref --format=%(refname)%00%(upstream:short)%00%(objectname)%00%(upstream:track)%00%(upstream:remotename)%00%(upstream:remoteref) refs/heads/main refs/remotes/main [2ms]
2024-11-17 18:21:58.606 [info] > git status -z -uall [5ms]
2024-11-17 18:21:58.607 [info] > git for-each-ref --sort -committerdate --format %(refname) %(objectname) %(*objectname) [1ms]
2024-11-17 18:22:59.189 [info] > git config --get commit.template [7ms]
2024-11-17 18:22:59.189 [info] > git for-each-ref --format=%(refname)%00%(upstream:short)%00%(objectname)%00%(upstream:track)%00%(upstream:remotename)%00%(upstream:remoteref) refs/heads/main refs/remotes/main [1ms]
2024-11-17 18:22:59.202 [info] > git status -z -uall [7ms]
2024-11-17 18:22:59.203 [info] > git for-each-ref --sort -committerdate --format %(refname) %(objectname) %(*objectname) [2ms]
2024-11-17 18:24:00.791 [info] > git config --get commit.template [15ms]
2024-11-17 18:24:00.792 [info] > git for-each-ref --format=%(refname)%00%(upstream:short)%00%(objectname)%00%(upstream:track)%00%(upstream:remotename)%00%(upstream:remoteref) refs/heads/main refs/remotes/main [2ms]
2024-11-17 18:24:00.802 [info] > git status -z -uall [4ms]
2024-11-17 18:24:00.803 [info] > git for-each-ref --sort -committerdate --format %(refname) %(objectname) %(*objectname) [1ms]
2024-11-17 18:24:05.216 [info] > git show --textconv :templates/index.html [7ms]
2024-11-17 18:24:05.217 [info] > git ls-files --stage -- /home/vishnu/Videos/battery_monitor/server/templates/index.html [1ms]
2024-11-17 18:24:05.221 [info] > git cat-file -s 7a39fbca04415ecaf0f3d3628c4dde80f835f378 [1ms]
2024-11-17 18:27:40.060 [info] > git config --get commit.template [9ms]
2024-11-17 18:27:40.061 [info] > git for-each-ref --format=%(refname)%00%(upstream:short)%00%(objectname)%00%(upstream:track)%00%(upstream:remotename)%00%(upstream:remoteref) refs/heads/main refs/remotes/main [2ms]
2024-11-17 18:27:40.073 [info] > git status -z -uall [7ms]
2024-11-17 18:27:40.073 [info] > git for-each-ref --sort -committerdate --format %(refname) %(objectname) %(*objectname) [1ms]
2024-11-17 18:28:56.063 [info] > git show --textconv :main.py [5ms]
2024-11-17 18:28:56.063 [info] > git ls-files --stage -- /home/vishnu/Videos/battery_monitor/server/main.py [1ms]
2024-11-17 18:28:56.068 [info] > git cat-file -s ea28beff0139c4843389ce58b11e232491fcbd36 [1ms]
2024-11-17 18:33:50.046 [info] > git config --get commit.template [5ms]
2024-11-17 18:33:50.057 [info] > git for-each-ref --format=%(refname)%00%(upstream:short)%00%(objectname)%00%(upstream:track)%00%(upstream:remotename)%00%(upstream:remoteref) refs/heads/main refs/remotes/main [2ms]
2024-11-17 18:33:50.066 [info] > git status -z -uall [5ms]
2024-11-17 18:33:50.067 [info] > git for-each-ref --sort -committerdate --format %(refname) %(objectname) %(*objectname) [1ms]
2024-11-17 18:33:52.016 [info] > git show --textconv :templates/index.html [6ms]
2024-11-17 18:33:52.016 [info] > git ls-files --stage -- /home/vishnu/Videos/battery_monitor/server/templates/index.html [1ms]
2024-11-17 18:33:52.021 [info] > git cat-file -s 7a39fbca04415ecaf0f3d3628c4dde80f835f378 [1ms]
2024-11-17 18:34:05.734 [info] > git config --get commit.template [12ms]
2024-11-17 18:34:05.735 [info] > git for-each-ref --format=%(refname)%00%(upstream:short)%00%(objectname)%00%(upstream:track)%00%(upstream:remotename)%00%(upstream:remoteref) refs/heads/main refs/remotes/main [1ms]
2024-11-17 18:34:05.748 [info] > git status -z -uall [7ms]
2024-11-17 18:34:05.748 [info] > git for-each-ref --sort -committerdate --format %(refname) %(objectname) %(*objectname) [1ms]
2024-11-17 18:34:07.858 [info] > git show --textconv :main.py [4ms]
2024-11-17 18:34:07.859 [info] > git ls-files --stage -- /home/vishnu/Videos/battery_monitor/server/main.py [1ms]
2024-11-17 18:34:07.863 [info] > git cat-file -s ea28beff0139c4843389ce58b11e232491fcbd36 [0ms]
