2024-11-17 18:54:12.612 [info] [main] Log level: Info
2024-11-17 18:54:12.612 [info] [main] Validating found git in: "git"
2024-11-17 18:54:12.612 [info] [main] Using git "2.47.0" from "git"
2024-11-17 18:54:12.612 [info] [Model][doInitialScan] Initial repository scan started
2024-11-17 18:54:12.612 [info] > git rev-parse --show-toplevel [19ms]
2024-11-17 18:54:12.612 [info] > git rev-parse --git-dir --git-common-dir [6ms]
2024-11-17 18:54:12.612 [info] [Model][openRepository] Opened repository: /home/vishnu/Videos/battery_monitor/server
2024-11-17 18:54:12.615 [info] > git rev-parse --show-toplevel [6ms]
2024-11-17 18:54:12.616 [info] > git config --get commit.template [11ms]
2024-11-17 18:54:12.628 [info] > git rev-parse --show-toplevel [6ms]
2024-11-17 18:54:12.629 [info] [Model][doInitialScan] Initial repository scan completed - repositories (1), closed repositories (0), parent repositories (0), unsafe repositories (0)
2024-11-17 18:54:12.629 [info] > git for-each-ref --format=%(refname)%00%(upstream:short)%00%(objectname)%00%(upstream:track)%00%(upstream:remotename)%00%(upstream:remoteref) refs/heads/main refs/remotes/main [2ms]
2024-11-17 18:54:12.642 [info] > git status -z -uall [7ms]
2024-11-17 18:54:12.643 [info] > git for-each-ref --sort -committerdate --format %(refname) %(objectname) %(*objectname) [2ms]
2024-11-17 18:54:12.657 [info] > git for-each-ref --format=%(refname)%00%(upstream:short)%00%(objectname)%00%(upstream:track)%00%(upstream:remotename)%00%(upstream:remoteref) refs/heads/main refs/remotes/main [7ms]
2024-11-17 18:54:12.663 [info] > git config --get commit.template [5ms]
2024-11-17 18:54:12.664 [info] > git config --local branch.main.vscode-merge-base [2ms]
2024-11-17 18:54:12.664 [warning] [Git][config] git config failed: Failed to execute git
2024-11-17 18:54:12.695 [info] > git for-each-ref --format=%(refname)%00%(upstream:short)%00%(objectname)%00%(upstream:track)%00%(upstream:remotename)%00%(upstream:remoteref) refs/heads/main refs/remotes/main [23ms]
2024-11-17 18:54:12.695 [info] > git reflog main --grep-reflog=branch: Created from *. [27ms]
2024-11-17 18:54:12.702 [info] > git symbolic-ref --short refs/remotes/origin/HEAD [3ms]
2024-11-17 18:54:12.702 [info] fatal: ref refs/remotes/origin/HEAD is not a symbolic ref
2024-11-17 18:54:12.702 [warning] [Repository][getDefaultBranch] Failed to get default branch details: Failed to execute git.
2024-11-17 18:54:12.712 [info] > git merge-base refs/heads/main refs/remotes/origin/main [5ms]
2024-11-17 18:54:12.728 [info] > git status -z -uall [5ms]
2024-11-17 18:54:12.728 [info] > git diff --name-status -z --diff-filter=ADMR 9a7fc2927b4ed77a0e71aa3940e151671fb05e3c...refs/remotes/origin/main [11ms]
2024-11-17 18:54:12.729 [info] > git for-each-ref --sort -committerdate --format %(refname) %(objectname) %(*objectname) [2ms]
2024-11-17 18:54:12.917 [info] > git show --textconv :main.py [6ms]
2024-11-17 18:54:12.917 [info] > git ls-files --stage -- /home/vishnu/Videos/battery_monitor/server/main.py [1ms]
2024-11-17 18:54:12.922 [info] > git cat-file -s ea28beff0139c4843389ce58b11e232491fcbd36 [1ms]
2024-11-17 18:54:13.127 [info] > git check-ignore -v -z --stdin [2ms]
2024-11-17 18:57:04.157 [info] > git show --textconv :templates/index.html [5ms]
2024-11-17 18:57:04.158 [info] > git ls-files --stage -- /home/vishnu/Videos/battery_monitor/server/templates/index.html [1ms]
2024-11-17 18:57:04.164 [info] > git cat-file -s 7a39fbca04415ecaf0f3d3628c4dde80f835f378 [2ms]
2024-11-17 18:57:04.968 [info] > git show --textconv :main.py [5ms]
2024-11-17 18:57:04.969 [info] > git ls-files --stage -- /home/vishnu/Videos/battery_monitor/server/main.py [1ms]
2024-11-17 18:57:04.974 [info] > git cat-file -s ea28beff0139c4843389ce58b11e232491fcbd36 [1ms]
2024-11-17 18:57:06.001 [info] > git show --textconv :templates/index.html [7ms]
2024-11-17 18:57:06.002 [info] > git ls-files --stage -- /home/vishnu/Videos/battery_monitor/server/templates/index.html [2ms]
2024-11-17 18:57:06.008 [info] > git cat-file -s 7a39fbca04415ecaf0f3d3628c4dde80f835f378 [1ms]
2024-11-17 18:59:22.926 [info] > git show --textconv :main.py [8ms]
2024-11-17 18:59:22.927 [info] > git ls-files --stage -- /home/vishnu/Videos/battery_monitor/server/main.py [1ms]
2024-11-17 18:59:22.933 [info] > git cat-file -s ea28beff0139c4843389ce58b11e232491fcbd36 [1ms]
2024-11-17 18:59:25.137 [info] > git show --textconv :templates/index.html [5ms]
2024-11-17 18:59:25.138 [info] > git ls-files --stage -- /home/vishnu/Videos/battery_monitor/server/templates/index.html [1ms]
2024-11-17 18:59:25.143 [info] > git cat-file -s 7a39fbca04415ecaf0f3d3628c4dde80f835f378 [1ms]
2024-11-17 19:00:19.039 [info] > git config --get commit.template [6ms]
2024-11-17 19:00:19.044 [info] > git ls-files --stage -- /home/vishnu/Videos/battery_monitor/server/templates/index.html [6ms]
2024-11-17 19:00:19.048 [info] > git for-each-ref --format=%(refname)%00%(upstream:short)%00%(objectname)%00%(upstream:track)%00%(upstream:remotename)%00%(upstream:remoteref) refs/heads/main refs/remotes/main [5ms]
2024-11-17 19:00:19.058 [info] > git status -z -uall [5ms]
2024-11-17 19:00:19.058 [info] > git cat-file -s 0b98f158073b3231ef1762df1a0b4f8799e9ea1c [10ms]
2024-11-17 19:00:19.058 [info] > git for-each-ref --sort -committerdate --format %(refname) %(objectname) %(*objectname) [1ms]
2024-11-17 19:00:19.072 [info] > git merge-base refs/heads/main refs/remotes/origin/main [7ms]
2024-11-17 19:00:19.077 [info] > git show --textconv :templates/index.html [6ms]
2024-11-17 19:00:19.078 [info] > git diff --name-status -z --diff-filter=ADMR c32efc31c1db9402013198f6e32fb1e6ab554cca...refs/remotes/origin/main [2ms]
2024-11-17 19:05:11.358 [info] > git config --get commit.template [8ms]
2024-11-17 19:05:11.358 [info] > git for-each-ref --format=%(refname)%00%(upstream:short)%00%(objectname)%00%(upstream:track)%00%(upstream:remotename)%00%(upstream:remoteref) refs/heads/main refs/remotes/main [1ms]
2024-11-17 19:05:11.372 [info] > git status -z -uall [6ms]
2024-11-17 19:05:11.374 [info] > git for-each-ref --sort -committerdate --format %(refname) %(objectname) %(*objectname) [2ms]
