2024-11-12 18:14:47.626 [info] [main] Log level: Info
2024-11-12 18:14:47.626 [info] [main] Validating found git in: "git"
2024-11-12 18:14:47.626 [info] [main] Using git "2.47.0" from "git"
2024-11-12 18:14:47.626 [info] [Model][doInitialScan] Initial repository scan started
2024-11-12 18:14:47.626 [info] > git rev-parse --show-toplevel [14ms]
2024-11-12 18:14:47.626 [info] > git rev-parse --git-dir --git-common-dir [9ms]
2024-11-12 18:14:47.626 [info] [Model][openRepository] Opened repository: /home/vishnu/Documents/BDA/bda
2024-11-12 18:14:47.628 [info] > git config --get commit.template [18ms]
2024-11-12 18:14:47.641 [info] > git rev-parse --show-toplevel [15ms]
2024-11-12 18:14:47.657 [info] > git for-each-ref --format=%(refname)%00%(upstream:short)%00%(objectname)%00%(upstream:track)%00%(upstream:remotename)%00%(upstream:remoteref) refs/heads/main refs/remotes/main [7ms]
2024-11-12 18:14:47.660 [info] > git rev-parse --show-toplevel [4ms]
2024-11-12 18:14:47.675 [info] > git rev-parse --show-toplevel [2ms]
2024-11-12 18:14:47.695 [info] > git for-each-ref --sort -committerdate --format %(refname) %(objectname) %(*objectname) [5ms]
2024-11-12 18:14:47.704 [info] > git rev-parse --show-toplevel [11ms]
2024-11-12 18:14:47.721 [info] > git rev-parse --show-toplevel [2ms]
2024-11-12 18:14:47.721 [info] [Model][doInitialScan] Initial repository scan completed - repositories (1), closed repositories (0), parent repositories (0), unsafe repositories (0)
2024-11-12 18:14:47.776 [info] > git status -z -uall [94ms]
2024-11-12 18:14:47.862 [info] > git for-each-ref --format=%(refname)%00%(upstream:short)%00%(objectname)%00%(upstream:track)%00%(upstream:remotename)%00%(upstream:remoteref) refs/heads/main refs/remotes/main [8ms]
2024-11-12 18:14:47.881 [info] > git config --local branch.main.vscode-merge-base [12ms]
2024-11-12 18:14:47.881 [warning] [Git][config] git config failed: Failed to execute git
2024-11-12 18:14:47.886 [info] > git config --get commit.template [25ms]
2024-11-12 18:14:47.891 [info] > git reflog main --grep-reflog=branch: Created from *. [4ms]
2024-11-12 18:14:47.935 [info] > git for-each-ref --format=%(refname)%00%(upstream:short)%00%(objectname)%00%(upstream:track)%00%(upstream:remotename)%00%(upstream:remoteref) refs/heads/main refs/remotes/main [34ms]
2024-11-12 18:14:47.935 [info] > git symbolic-ref --short refs/remotes/origin/HEAD [40ms]
2024-11-12 18:14:47.935 [info] fatal: ref refs/remotes/origin/HEAD is not a symbolic ref
2024-11-12 18:14:47.935 [warning] [Repository][getDefaultBranch] Failed to get default branch details: Failed to execute git.
2024-11-12 18:14:48.293 [info] > git merge-base refs/heads/main refs/remotes/origin/main [351ms]
2024-11-12 18:14:48.304 [info] > git diff --name-status -z --diff-filter=ADMR 889796c1b6bdf601d75b92a41c3798d37b96243a...refs/remotes/origin/main [7ms]
2024-11-12 18:14:48.315 [info] > git check-ignore -v -z --stdin [12ms]
2024-11-12 18:14:48.316 [info] > git for-each-ref --sort -committerdate --format %(refname) %(objectname) %(*objectname) [2ms]
2024-11-12 18:14:48.344 [info] > git status -z -uall [36ms]
2024-11-12 18:14:48.443 [info] > git show --textconv :package.json [22ms]
2024-11-12 18:14:48.443 [info] > git ls-files --stage -- /home/vishnu/Documents/BDA/bda/package.json [14ms]
2024-11-12 18:14:48.458 [info] > git cat-file -s 752b8e138a343d277d06ac845ff23f3e2ce996e3 [8ms]
2024-11-12 18:14:49.409 [info] > git show --textconv :main.py [8ms]
2024-11-12 18:14:49.816 [info] > git ls-files --stage -- /home/vishnu/Documents/BDA/bda/main.py [408ms]
2024-11-12 18:14:49.829 [info] > git cat-file -s a4ba5b7c051b2cb4f9d0a905f32ed40e670fb5f9 [8ms]
2024-11-12 18:15:56.015 [info] > git config --get commit.template [13ms]
2024-11-12 18:15:56.018 [info] > git for-each-ref --format=%(refname)%00%(upstream:short)%00%(objectname)%00%(upstream:track)%00%(upstream:remotename)%00%(upstream:remoteref) refs/heads/main refs/remotes/main [5ms]
2024-11-12 18:15:56.032 [info] > git for-each-ref --sort -committerdate --format %(refname) %(objectname) %(*objectname) [1ms]
2024-11-12 18:15:56.055 [info] > git status -z -uall [32ms]
2024-11-12 18:15:56.115 [info] > git merge-base refs/heads/main refs/remotes/origin/main [9ms]
2024-11-12 18:15:56.123 [info] > git diff --name-status -z --diff-filter=ADMR 889796c1b6bdf601d75b92a41c3798d37b96243a...refs/remotes/origin/main [3ms]
2024-11-12 18:15:56.124 [info] > git ls-files --stage -- /home/vishnu/Documents/BDA/bda/main.py [10ms]
2024-11-12 18:15:56.130 [info] > git cat-file -s 1a7a54ca668a817eb64573a040ec873863349966 [1ms]
2024-11-12 18:15:56.139 [info] > git show --textconv :main.py [2ms]
2024-11-12 18:18:46.476 [info] > git config --get commit.template [1ms]
2024-11-12 18:18:46.483 [info] > git for-each-ref --format=%(refname)%00%(upstream:short)%00%(objectname)%00%(upstream:track)%00%(upstream:remotename)%00%(upstream:remoteref) refs/heads/main refs/remotes/main [2ms]
2024-11-12 18:18:46.497 [info] > git for-each-ref --sort -committerdate --format %(refname) %(objectname) %(*objectname) [2ms]
2024-11-12 18:18:46.516 [info] > git status -z -uall [27ms]
2024-11-12 18:19:05.670 [info] > git config --get commit.template [11ms]
2024-11-12 18:19:05.676 [info] > git ls-files --stage -- /home/vishnu/Documents/BDA/bda/main.py [7ms]
2024-11-12 18:19:05.682 [info] > git for-each-ref --format=%(refname)%00%(upstream:short)%00%(objectname)%00%(upstream:track)%00%(upstream:remotename)%00%(upstream:remoteref) refs/heads/main refs/remotes/main [6ms]
2024-11-12 18:19:05.683 [info] > git cat-file -s 1a7a54ca668a817eb64573a040ec873863349966 [1ms]
2024-11-12 18:19:05.699 [info] > git for-each-ref --sort -committerdate --format %(refname) %(objectname) %(*objectname) [6ms]
2024-11-12 18:19:05.701 [info] > git show --textconv :main.py [2ms]
2024-11-12 18:19:05.736 [info] > git status -z -uall [48ms]
